
what is the name of this marked part from book?

ChatGPT said:
The part you marked in red in the image is typically called a bookmark tab or page marker in printed books or educational materials. In this case, it appears to visually indicate the chapter or section of the book (in Bengali: à¦ªà¦°à¦¿à¦§à¦¿ meaning "Perimeter").

This type of graphic element helps readers quickly locate or identify chapters or sections when flipping through pages.

If you'd like, I can help you design or remove such a marker in your document â€” just let me know!




You said:
how to add this easily in microsoft word?


ChatGPT said:
Great question! You can create a similar bookmark tab / margin tag in Microsoft Word using shapes and text. Hereâ€™s a simple method:

ğŸ“Œ Steps to Add a Bookmark Tab / Margin Tag in Word
âœ… 1ï¸âƒ£ Insert a shape

Go to Insert > Shapes.

Select a Rounded Rectangle (or a Rectangle if you prefer).

Draw it along the right margin where you want the tab.

âœ… 2ï¸âƒ£ Format the shape

Right-click the shape â†’ choose Format Shape.

Set Fill Color (e.g., black at the top, white or any other color for the tag part).

Remove or adjust the border line if needed.

âœ… 3ï¸âƒ£ Add vertical text

Right-click the shape â†’ choose Add Text.

Type your text (e.g., à¦ªà¦°à¦¿à¦§à¦¿).

Select the text â†’ Home > Text Direction (or click the small text direction button in the text box toolbar) â†’ choose vertical alignment.

Adjust font size, style, and color to match your example.

âœ… 4ï¸âƒ£ Position it in the margin

Click on the shape â†’ Go to Shape Format > Position â†’ use custom position options.

Or manually drag it to the edge of the page â€” you may need to adjust page margins (Layout > Margins > Custom Margins).

âœ… 5ï¸âƒ£ Anchor it to the header (optional)

If you want it to appear on every page like in your image:

Double-click in the header area.

Insert the shape there.

This ensures it stays consistent on each page.

ğŸ’¡ Tip: You can group shapes (e.g., a black clip + white tag) if you want a two-part design like in your image:

Insert multiple shapes.

Select all shapes â†’ Right-click > Group.

If you'd like, I can guide you step-by-step on how to style it further (e.g., precise dimensions or color codes). Would you like a sample Word template or visual example?




You said:
i want each chapter this Perimeter should move down


ChatGPT said:
Ah, I see exactly what you mean! You want a margin tag (like your Perimeter marker) that shifts down the side of the page for each chapter, so readers can easily see at a glance where chapters start â€” much like a thumb index in a printed book. This is totally doable in Word, though it takes a bit of manual placement. Hereâ€™s how you can achieve it efficiently:

ğŸš€ How to Create Moving Margin Tags for Each Chapter in Word
1ï¸âƒ£ Set up the first tag
Go to the header (or footer, or margin depending on your preference) â†’ Insert > Shapes > Rounded Rectangle.

Draw it on the right side of your document, at the height where you want the tag for Chapter 1.

Add text (e.g., à¦ªà¦°à¦¿à¦§à¦¿ or your chapter name).

Rotate text vertically if needed (Text Direction).

2ï¸âƒ£ Copy and position for each chapter
Once the first tag looks right, copy (Ctrl+C) the shape and paste (Ctrl+V) it for each chapter.

For each chapterâ€™s first page:

Move that chapterâ€™s tag further down the right margin (or wherever you want it to appear).

You can use the Position options under the Shape Format tab to control this precisely (e.g., set vertical position in centimeters or inches).

3ï¸âƒ£ Anchor to the header or first page of each section
If you want the tag to appear only on the first page of each chapter:

Break your document into sections (Layout > Breaks > Next Page).

In the header or margin of each sectionâ€™s first page, place the corresponding tag.

This way each chapterâ€™s tag appears on its starting page in the correct spot.

4ï¸âƒ£ Adjust for consistent look
Use guidelines (View > Ruler + Gridlines) so your tags align consistently across pages.

Consider using exact position values (Right-click the shape â†’ Size and Position).

ğŸ’¡ Pro tip
ğŸ‘‰ You can create all your tags once, with their positions staggered down the margin, then copy them into the first page header of each chapter section. This saves time and ensures uniform spacing.

If you like, I can help you:

Design a position plan (e.g. where each chapterâ€™s tag should sit, measured from the top).

Or even generate a Word file structure guide for you.

Would you like help setting that up?




You said:
after making the pdf can i automatically set this every even and odd pages?


ChatGPT said:
âœ… Great thinking â€” planning for automation before making the PDF is smart! Let me clarify how this works:

ğŸŒŸ Can margin tags auto-appear on all odd/even pages in the PDF?
ğŸ‘‰ Directly in PDF?

No â€” once the file is exported as PDF, the PDF itself doesn't support automatic placement of such margin tags based on odd/even pages unless you're using specialized PDF editing software (like Adobe Acrobat Pro) and scripting, which is quite complex.

ğŸ‘‰ In Word before PDF export?

Yes â€” Word lets you design headers/footers separately for odd and even pages, and these will export properly to PDF.

ğŸš€ How to set up tags for odd/even pages in Word
1ï¸âƒ£ Go to Layout > Breaks and structure your chapters/sections if needed.

2ï¸âƒ£ Go to Insert > Header (or Footer) â†’ choose Edit Header.

3ï¸âƒ£ In the Header & Footer Tools Design tab:

Check Different Odd & Even Pages.

4ï¸âƒ£ Now design your margin tag:

For odd pages, place your tag shape where you want it.

For even pages, place a separate tag (could be a mirrored position or a new design).

5ï¸âƒ£ Format the shapes so they sit outside the normal text margin:

Right-click the shape â†’ Size and Position â†’ set absolute position relative to page edge.

6ï¸âƒ£ Once done, Save as PDF â€” the tags will appear as designed for odd/even pages.

ğŸ’¡ Limitations
âš  This approach will not automatically move the tag down the margin per chapter if you rely only on odd/even page design â€” you'd still need to manually position the tag at a new spot for each chapterâ€™s first page (via section breaks).

âœ… Summary
ğŸ‘‰ You can:

Design different margin tags for odd and even pages in Word.

Export to PDF, and theyâ€™ll show as you designed.

ğŸ‘‰ But:

To get tags that shift down for each chapter, you must manually set positions in Word before exporting â€” no PDF tool will auto-generate that after export (unless with complex scripts).

If you want, I can:

Help you create a template with those odd/even page tags.

Suggest a tool for adding tags directly in PDF (if you prefer post-export editing).

Would you like that? ğŸš€




You said:
can't i use with python code? with customized text and specific bookmark in different in even odd page


ChatGPT said:
ğŸ’¡ Fantastic idea! Yes â€” you can absolutely use Python to generate a PDF with customized margin tags / bookmarks on odd and even pages, with full control over positioning and text.

Letâ€™s break it down:

ğŸš€ Python tools for this task
Youâ€™ll want a library that gives you full PDF layout control. The two best options are:

âœ… reportlab

Can generate PDFs from scratch.

You can place text, shapes, and images at any coordinate.

Can easily handle logic for odd/even pages and custom positions.

âœ… PyPDF2 or pypdf

Better for modifying existing PDFs (e.g. adding annotations, merging).

Limited for creating complex designs like margin tags from scratch.

âš™ How it can work
âœ… You loop through your pages:

python
Copy
Edit
from reportlab.pdfgen import canvas
from reportlab.lib.pagesizes import A4

def create_pdf_with_tags(output_file):
    c = canvas.Canvas(output_file, pagesize=A4)
    width, height = A4

    total_pages = 10  # or however many you want

    for page_num in range(1, total_pages + 1):
        # Example content
        c.drawString(100, height - 100, f"Content of Page {page_num}")

        # Add margin tag
        if page_num % 2 == 1:
            # Odd page: tag on right margin
            c.saveState()
            c.translate(width - 50, height / 2)
            c.rotate(90)
            c.drawString(0, 0, f"Chapter {page_num}")  # customized text
            c.restoreState()
        else:
            # Even page: tag on left margin
            c.saveState()
            c.translate(20, height / 2)
            c.rotate(90)
            c.drawString(0, 0, f"Chapter {page_num}")
            c.restoreState()

        c.showPage()

    c.save()

create_pdf_with_tags("custom_bookmarks.pdf")
âœ… What this does:

Creates a 10-page PDF.

On odd pages, it places vertical text on the right margin.

On even pages, it places vertical text on the left margin.

You can change the translate positions to move your "tags" up/down the margin (e.g., move them down for each chapter).

ğŸŒŸ Customization ideas
Use different fonts, colors, shapes.

Load chapter titles dynamically from a list.

Place shapes (e.g., rounded rectangle behind text).

Add true PDF bookmarks (outline entries) â€” possible with PyPDF2 or pypdf.

âš  Key point
ğŸ‘‰ This method generates the PDF fully programmatically. If you already have a PDF and want to overlay margin tags on it, thatâ€™s trickier â€” youâ€™d use reportlab to make a transparent overlay PDF and merge it with the original (I can show you how).

âœ¨ Would you like:

A full working Python example for your specific case (e.g., Bengali text, specific position)?

Help adding tags to an existing PDF?

Let me know what you need!




You said:


existing pdf should be remain same just it should work as like customized stamp

ChatGPT said:
âœ… You have a clear and great goal:
ğŸ‘‰ You want to overlay margin tags / stamps on an existing PDF without changing the original content â€” like a custom "stamp" or margin marker for odd/even pages.

ğŸš€ Solution: Use Python with reportlab + PyPDF2 or pypdf
ğŸ‘‰ The idea is:
1ï¸âƒ£ Create a transparent overlay (PDF) with your custom margin tag at the right spot.
2ï¸âƒ£ Merge (stamp) this overlay onto each page of your existing PDF.

ğŸ“ Example Python code outline
python
Copy
Edit
from PyPDF2 import PdfReader, PdfWriter
from reportlab.pdfgen import canvas
from reportlab.lib.pagesizes import A4
from io import BytesIO

def create_overlay(text, position):
    packet = BytesIO()
    can = canvas.Canvas(packet, pagesize=A4)
    
    width, height = A4

    # Example: right margin for odd page
    if position == 'right':
        can.saveState()
        can.translate(width - 30, height / 2)
        can.rotate(90)
        can.drawString(0, 0, text)
        can.restoreState()

    # Example: left margin for even page
    elif position == 'left':
        can.saveState()
        can.translate(10, height / 2)
        can.rotate(90)
        can.drawString(0, 0, text)
        can.restoreState()

    can.save()
    packet.seek(0)
    return PdfReader(packet)

def stamp_pdf(input_pdf, output_pdf):
    reader = PdfReader(input_pdf)
    writer = PdfWriter()

    for i, page in enumerate(reader.pages):
        position = 'right' if (i+1) % 2 == 1 else 'left'
        overlay = create_overlay(f"Chapter {(i+1)}", position)
        page.merge_page(overlay.pages[0])
        writer.add_page(page)

    with open(output_pdf, "wb") as f_out:
        writer.write(f_out)

# Example usage
stamp_pdf("your_existing.pdf", "stamped_output.pdf")
ğŸ’¡ What this code does
âœ… Leaves your original content untouched.
âœ… Adds a custom margin marker on each page:

Odd pages â†’ right margin

Even pages â†’ left margin
âœ… Custom text per page (e.g. "Chapter 1", "Chapter 2"...)

âœ¨ You can customize
Font size, color, or background shapes (in reportlab canvas)

Exact coordinates for the tag (so it "moves down" if desired)

Different text for specific pages or chapters.

ğŸš€ Next steps
ğŸ‘‰ If you'd like:

I can write you a ready-to-run complete script tailored to your PDF.

You can send me the specific text/position rules (e.g. Bengali text, where down the margin).

Would you like the full working code or help setting up your environment? Let me know!




You said:
in my word file pag size is Width: 8.5", Hieight: 10.65"


ChatGPT said:
âœ… Great â€” thank you for specifying your Word file page size:
Width: 8.5 inches
Height: 10.65 inches

Letâ€™s adapt the Python solution so your custom margin stamp aligns correctly when overlaying onto your exported PDF!

ğŸš€ Convert inches to points (for PDF)
ğŸ‘‰ PDF coordinates are in points.
1 inch = 72 points
So your page size in points:

Width = 8.5 Ã— 72 = 612 points

Height = 10.65 Ã— 72 = 766.8 points

ğŸ“ Updated overlay code
python
Copy
Edit
from PyPDF2 import PdfReader, PdfWriter
from reportlab.pdfgen import canvas
from io import BytesIO

PAGE_WIDTH = 612  # 8.5 inch
PAGE_HEIGHT = 766.8  # 10.65 inch

def create_overlay(text, position):
    packet = BytesIO()
    can = canvas.Canvas(packet, pagesize=(PAGE_WIDTH, PAGE_HEIGHT))

    # Example position: right margin for odd, left for even
    if position == 'right':
        can.saveState()
        can.translate(PAGE_WIDTH - 30, PAGE_HEIGHT / 2)
        can.rotate(90)
        can.setFont("Helvetica", 10)
        can.drawString(0, 0, text)
        can.restoreState()
    elif position == 'left':
        can.saveState()
        can.translate(10, PAGE_HEIGHT / 2)
        can.rotate(90)
        can.setFont("Helvetica", 10)
        can.drawString(0, 0, text)
        can.restoreState()

    can.save()
    packet.seek(0)
    return PdfReader(packet)

def stamp_pdf(input_pdf, output_pdf):
    reader = PdfReader(input_pdf)
    writer = PdfWriter()

    for i, page in enumerate(reader.pages):
        pos = 'right' if (i + 1) % 2 == 1 else 'left'
        overlay = create_overlay(f"Chapter {i + 1}", pos)
        page.merge_page(overlay.pages[0])
        writer.add_page(page)

    with open(output_pdf, "wb") as f_out:
        writer.write(f_out)

# Example:
# stamp_pdf("your_input.pdf", "your_output.pdf")
ğŸŒŸ What you get
âœ… Correct page dimensions for your exported Word PDF
âœ… Tags appear:

Right margin for odd pages

Left margin for even pages
âœ… Easily modify:

Position (adjust translate() values to move up/down)

Font size, font type, rotation

ğŸ’¡ Customization ideas
â¡ Want Bengali text?
Just change:

python
Copy
Edit
can.setFont("Helvetica", 10)
can.drawString(0, 0, "à¦ªà¦°à¦¿à¦§à¦¿")
(If using complex Bengali fonts, you might need to embed a TTF font file using reportlab.)

â¡ Want tag to move progressively down the margin?
We can compute a y position based on chapter/page number!

If you want, I can:

Write a full ready-to-run Python script.

Help with font embedding for Bengali text.

Or help you set this up on your machine.

Would you like that? Let me know! ğŸš€




You said:


i need this shape for left and right also i need Tiro Bangla bangla font if i change font then shows error:

Exception has occurred: KeyError
'Tiro Bangla'
KeyError: 'Tiro Bangla'

During handling of the above exception, another exception occurred:

  File "D:\Office Files\Developer\Automated Bookmark\Autometed_bookmark.py", line 17, in create_overlay
    can.setFont("Tiro Bangla", 9)
    ~~~~~~~~~~~^^^^^^^^^^^^^^^^^^
  File "D:\Office Files\Developer\Automated Bookmark\Autometed_bookmark.py", line 38, in stamp_pdf
    overlay = create_overlay(f"à¦ªà¦°à¦¿à¦®à¦¿à¦¤à¦¿", pos)
              ~~~~~~~~~~~~~~^^^^^^^^^^^^^^^^^
  File "D:\Office Files\Developer\Automated Bookmark\Autometed_bookmark.py", line 46, in <module>
    stamp_pdf("AP - Class 9 - General Mathematics - à¦…à¦§à§à¦¯à¦¾à¦¯à¦¼ à§§à§¬ - à¦ªà¦°à¦¿à¦®à¦¿à¦¤à¦¿ - Preparation Book.pdf", "your_output.pdf")
    ~~~~~~~~~^^^^^^^^^^^^^^^^^^^^^^^^^^^^^^^^^^^^^^^^^^^^^^^^^^^^^^^^^^^^^^^^^^^^^^^^^^^^^^^^^^^^^^^^^^^^^^^^^^^^^^^
KeyError: 'Tiro Bangla'

ChatGPT said:
âœ… Youâ€™ve run into a common issue when trying to use Tiro Bangla or other non-default fonts in reportlab. Letâ€™s break this down and get you a solution!

ğŸš© Why are you getting KeyError: 'Tiro Bangla'?
ğŸ‘‰ reportlab only knows about a few built-in fonts (like Helvetica, Times-Roman).
ğŸ‘‰ If you want to use Tiro Bangla or any custom Bengali font, you must register the TTF font file first â€” otherwise reportlab doesn't recognize it.

ğŸš€ Solution: How to use Tiro Bangla (or any TTF Bangla font) in reportlab
Hereâ€™s a working example:

python
Copy
Edit
from reportlab.pdfgen import canvas
from reportlab.pdfbase import pdfmetrics
from reportlab.pdfbase.ttfonts import TTFont
from PyPDF2 import PdfReader, PdfWriter
from io import BytesIO

PAGE_WIDTH = 612  # 8.5 inch
PAGE_HEIGHT = 766.8  # 10.65 inch

# Step 1: Register your font
pdfmetrics.registerFont(TTFont('TiroBangla', 'TiroBangla-Regular.ttf'))  # Ensure the TTF file is in the same folder or give full path

def create_overlay(text, position):
    packet = BytesIO()
    can = canvas.Canvas(packet, pagesize=(PAGE_WIDTH, PAGE_HEIGHT))

    if position == 'right':
        can.saveState()
        can.translate(PAGE_WIDTH - 30, PAGE_HEIGHT / 2)
        can.rotate(90)
        can.setFont("TiroBangla", 9)
        can.drawString(0, 0, text)
        can.restoreState()

    elif position == 'left':
        can.saveState()
        can.translate(10, PAGE_HEIGHT / 2)
        can.rotate(90)
        can.setFont("TiroBangla", 9)
        can.drawString(0, 0, text)
        can.restoreState()

    can.save()
    packet.seek(0)
    return PdfReader(packet)

def stamp_pdf(input_pdf, output_pdf):
    reader = PdfReader(input_pdf)
    writer = PdfWriter()

    for i, page in enumerate(reader.pages):
        pos = 'right' if (i + 1) % 2 == 1 else 'left'
        overlay = create_overlay("à¦ªà§à¦°à¦¸à¦™à§à¦— à§§ â€“ à¦¤à§à¦°à¦¿à¦­à§à¦œà§‡à¦° à¦…à¦¨à§à¦¤à¦°à§à¦­à§à¦•à§à¦¤", pos)
        page.merge_page(overlay.pages[0])
        writer.add_page(page)

    with open(output_pdf, "wb") as f_out:
        writer.write(f_out)

# Example:
# stamp_pdf("your_input.pdf", "stamped_output.pdf")
âš  What you need to do
âœ… Make sure you have TiroBangla-Regular.ttf font file
âœ… Put it in your working directory or provide its full path:

python
Copy
Edit
TTFont('TiroBangla', 'C:/path/to/TiroBangla-Regular.ttf')
âœ… This will render your Bengali text with Tiro Bangla without error.

ğŸŒŸ Extra tip
If you want that shape (white rounded rectangle with black clip), you can:

Draw a rounded rectangle shape in reportlab.

Or pre-create it as an image (e.g., PNG with transparency) and overlay that image.

Example to draw rounded rectangle:

python
Copy
Edit
can.roundRect(x, y, width, height, radius, stroke=1, fill=1)
(where x, y is bottom left)

ğŸ’¬ If you'd like:
ğŸ‘‰ I can provide ready-to-run code to draw that exact shape you shared (with text inside).
ğŸ‘‰ Or help you generate the overlay shape as an image and merge it.

Would you like help drawing the shape programmatically, or do you want to use an image overlay? ğŸš€




You said:
it works but the font is broken though i used unicode font


ChatGPT said:
ğŸ’¡ I understand exactly whatâ€™s happening â€” letâ€™s break it down so you can get perfect Bengali rendering in your PDF.

ğŸš© Why is the font showing broken Bengali text even with a Unicode TTF font?
âœ… reportlab can handle TTF fonts â€” but:
ğŸ‘‰ It doesn't support complex script shaping, ligatures, or glyph substitution (needed for Bengali, Hindi, Arabic, etc).
ğŸ‘‰ So even if you register a valid Bengali font, it'll render character-by-character (not joined, not shaped).
ğŸ‘‰ The result: broken letters, wrong placement of matras, or missing joint forms.

ğŸš€ What are your options to get correct Bengali text on your margin stamp?
1ï¸âƒ£ Render the text as an image
ğŸ‘‰ Create the Bengali tag text in a graphics tool (e.g. Inkscape, Photoshop, Word, or even PIL in Python).
ğŸ‘‰ Save as a transparent PNG or PDF.
ğŸ‘‰ Overlay that image onto your pages using reportlab or PyPDF2.

âœ… This way the Bengali rendering is perfect because the image is pre-shaped.

2ï¸âƒ£ Use another library that supports complex script (e.g. WeasyPrint, Cairo)
ğŸ‘‰ WeasyPrint renders HTML+CSS to PDF and can handle complex text layout via Pango (which understands Bengali shaping).
ğŸ‘‰ But this is more complex to set up compared to a simple image overlay.

âœ¨ Recommended: Overlay an image of the margin tag
Hereâ€™s how you can do it:

python
Copy
Edit
from reportlab.pdfgen import canvas
from PyPDF2 import PdfReader, PdfWriter
from io import BytesIO

PAGE_WIDTH = 612
PAGE_HEIGHT = 766.8

def create_overlay_with_image(image_path, position):
    packet = BytesIO()
    can = canvas.Canvas(packet, pagesize=(PAGE_WIDTH, PAGE_HEIGHT))

    if position == 'right':
        # Adjust x,y, width, height as needed
        can.drawImage(image_path, PAGE_WIDTH - 50, PAGE_HEIGHT / 2 - 50, width=40, height=100, mask='auto')
    else:
        can.drawImage(image_path, 10, PAGE_HEIGHT / 2 - 50, width=40, height=100, mask='auto')

    can.save()
    packet.seek(0)
    return PdfReader(packet)

def stamp_pdf(input_pdf, output_pdf, image_path):
    reader = PdfReader(input_pdf)
    writer = PdfWriter()

    for i, page in enumerate(reader.pages):
        pos = 'right' if (i + 1) % 2 == 1 else 'left'
        overlay = create_overlay_with_image(image_path, pos)
        page.merge_page(overlay.pages[0])
        writer.add_page(page)

    with open(output_pdf, "wb") as f_out:
        writer.write(f_out)

# Example call:
# stamp_pdf("your_input.pdf", "stamped_output.pdf", "your_margin_tag.png")
ğŸ’¡ How to prepare your margin tag image
âœ… Use Word, PowerPoint, or a graphic tool to create your vertical Bengali text inside the shape.
âœ… Export as PNG with transparent background.
âœ… Use the above code to overlay on your PDF.

ğŸŒŸ Summary
ğŸ‘‰ reportlab alone can't shape Bengali text correctly.
ğŸ‘‰ The cleanest solution is to pre-render the shaped text as an image and overlay that.
ğŸ‘‰ I can help you create the image or generate code to overlay it.

Would you like help designing the tag image, or do you want me to provide a ready template? Let me know! ğŸš€




You said:
Exception has occurred: OSError
Cannot open resource "image_path"
FileNotFoundError: [Errno 2] No such file or directory: 'image_path'

During handling of the above exception, another exception occurred:

ValueError: unknown url type: 'image_path'

During handling of the above exception, another exception occurred:

  File "D:\Office Files\Developer\Automated Bookmark\Autometed_bookmark.py", line 14, in create_overlay_with_image
    can.drawImage(image_path, PAGE_WIDTH - 50, PAGE_HEIGHT / 2 - 50, width=40, height=100, mask='auto')
    ~~~~~~~~~~~~~^^^^^^^^^^^^^^^^^^^^^^^^^^^^^^^^^^^^^^^^^^^^^^^^^^^^^^^^^^^^^^^^^^^^^^^^^^^^^^^^^^^^^^
  File "D:\Office Files\Developer\Automated Bookmark\Autometed_bookmark.py", line 28, in stamp_pdf
    overlay = create_overlay_with_image("image_path", pos)
  File "D:\Office Files\Developer\Automated Bookmark\Autometed_bookmark.py", line 36, in <module>
    stamp_pdf("AP - Class 9 - General Mathematics - à¦…à¦§à§à¦¯à¦¾à¦¯à¦¼ à§§à§¬ - à¦ªà¦°à¦¿à¦®à¦¿à¦¤à¦¿ - Preparation Book.pdf", "your_output.pdf", "D:\\Office Files\\Developer\\Automated Bookmark\\Picture1.png")
    ~~~~~~~~~^^^^^^^^^^^^^^^^^^^^^^^^^^^^^^^^^^^^^^^^^^^^^^^^^^^^^^^^^^^^^^^^^^^^^^^^^^^^^^^^^^^^^^^^^^^^^^^^^^^^^^^^^^^^^^^^^^^^^^^^^^^^^^^^^^^^^^^^^^^^^^^^^^^^^^^^^^^^^^^^^^^^^^^^
OSError: Cannot open resource "image_path"


ChatGPT said:
âœ… I see exactly what happened â€” letâ€™s break it down and fix it!

ğŸš© Why you got this error
Your code:

python
Copy
Edit
overlay = create_overlay_with_image("image_path", pos)
ğŸ‘‰ "image_path" is just a string literal â€” not the path to your actual image file.
ğŸ‘‰ So reportlab tries to load "image_path" as if itâ€™s a file or URL, which fails â†’ OSError.

ğŸš€ How to fix
âœ… You need to pass the actual image file path when calling create_overlay_with_image.

ğŸ‘‰ Example:

python
Copy
Edit
stamp_pdf(
    "AP - Class 9 - General Mathematics - à¦…à¦§à§à¦¯à¦¾à¦¯à¦¼ à§§à§¬ - à¦ªà¦°à¦¿à¦®à¦¿à¦¤à¦¿ - Preparation Book.pdf",
    "your_output.pdf",
    "D:\\Office Files\\Developer\\Automated Bookmark\\Picture1.png"
)
âœ… And inside your function:

python
Copy
Edit
overlay = create_overlay_with_image(image_path, pos)
(where image_path is the argument you pass to stamp_pdf)

ğŸ“ Working code outline
python
Copy
Edit
def stamp_pdf(input_pdf, output_pdf, image_path):
    reader = PdfReader(input_pdf)
    writer = PdfWriter()

    for i, page in enumerate(reader.pages):
        pos = 'right' if (i + 1) % 2 == 1 else 'left'
        overlay = create_overlay_with_image(image_path, pos)
        page.merge_page(overlay.pages[0])
        writer.add_page(page)

    with open(output_pdf, "wb") as f_out:
        writer.write(f_out)

# Call with actual image path
stamp_pdf(
    "AP - Class 9 - General Mathematics - à¦…à¦§à§à¦¯à¦¾à¦¯à¦¼ à§§à§¬ - à¦ªà¦°à¦¿à¦®à¦¿à¦¤à¦¿ - Preparation Book.pdf",
    "your_output.pdf",
    "D:\\Office Files\\Developer\\Automated Bookmark\\Picture1.png"
)
ğŸ’¡ Tips
âœ… Make sure the image path is correct (double-check file location + name).
âœ… Use raw strings for Windows paths, or double backslashes:

python
Copy
Edit
r"D:\Office Files\Developer\Automated Bookmark\Picture1.png"
or

python
Copy
Edit
"D:\\Office Files\\Developer\\Automated Bookmark\\Picture1.png"
âœ… The file Picture1.png must exist at that path â€” no typos!

ğŸš€ Summary
ğŸ‘‰ Replace "image_path" with the actual file path when calling create_overlay_with_image.
ğŸ‘‰ This will stop the OSError and overlay your image properly.

If you'd like, paste your full code here and Iâ€™ll review it to ensure it's 100% correct! ğŸš€




You said:
i need different for left and right page r"D:\Office Files\Developer\Automated Bookmark\left.png", r"D:\Office Files\Developer\Automated Bookmark\right.png" also do not resize the picture, picture ratio should be same


ChatGPT said:
âœ… Excellent â€” you want two different images:

left.png for even pages (left margin)

right.png for odd pages (right margin)

â€¦and you want the images to preserve their original size/ratio (no forced resizing).

ğŸš€ Hereâ€™s how you can do it
We'll:
ğŸ‘‰ Load the image's actual size
ğŸ‘‰ Overlay at its natural size (or scale proportionally if you want, but preserve ratio)

ğŸ“ Final code template
python
Copy
Edit
from reportlab.pdfgen import canvas
from reportlab.lib.utils import ImageReader
from PyPDF2 import PdfReader, PdfWriter
from io import BytesIO

PAGE_WIDTH = 612  # 8.5 inch
PAGE_HEIGHT = 766.8  # 10.65 inch

def create_overlay_with_image(image_path, position):
    packet = BytesIO()
    can = canvas.Canvas(packet, pagesize=(PAGE_WIDTH, PAGE_HEIGHT))

    # Load image with ImageReader to get actual size
    img = ImageReader(image_path)
    img_width, img_height = img.getSize()

    # Example scaling if needed (optional):
    # scale = 0.5  # or compute scale dynamically if you want
    # img_width *= scale
    # img_height *= scale

    if position == 'right':
        x = PAGE_WIDTH - img_width - 10  # 10 pts padding from right edge
        y = (PAGE_HEIGHT - img_height) / 2
        can.drawImage(img, x, y, width=img_width, height=img_height, mask='auto')

    elif position == 'left':
        x = 10  # 10 pts padding from left edge
        y = (PAGE_HEIGHT - img_height) / 2
        can.drawImage(img, x, y, width=img_width, height=img_height, mask='auto')

    can.save()
    packet.seek(0)
    return PdfReader(packet)

def stamp_pdf(input_pdf, output_pdf, left_image_path, right_image_path):
    reader = PdfReader(input_pdf)
    writer = PdfWriter()

    for i, page in enumerate(reader.pages):
        pos = 'right' if (i + 1) % 2 == 1 else 'left'
        image_path = right_image_path if pos == 'right' else left_image_path
        overlay = create_overlay_with_image(image_path, pos)
        page.merge_page(overlay.pages[0])
        writer.add_page(page)

    with open(output_pdf, "wb") as f_out:
        writer.write(f_out)

# Example call:
stamp_pdf(
    r"D:\Office Files\Developer\Automated Bookmark\your_input.pdf",
    r"D:\Office Files\Developer\Automated Bookmark\your_output.pdf",
    r"D:\Office Files\Developer\Automated Bookmark\left.png",
    r"D:\Office Files\Developer\Automated Bookmark\right.png"
)
âœ… What this does
Dynamically reads your image's actual width and height (in points)

Places it on the correct margin without distortion

Keeps original size and ratio

Adds a small padding from the edge

âš¡ Tips
âœ… If your image is too large for the page, you can calculate a scale factor:

python
Copy
Edit
max_height = PAGE_HEIGHT - 20  # Allow for padding
if img_height > max_height:
    scale = max_height / img_height
    img_width *= scale
    img_height *= scale
âœ… mask='auto' ensures transparent PNGs render correctly.

If you'd like, I can help:
ğŸ‘‰ Calculate dynamic scaling so the image fits page height if too large
ğŸ‘‰ Or add alignment options (top, center, bottom)

Would you like that? Let me know! ğŸš€




